2014-07-09 23:24:41.365+0000 INFO  [org.neo4j]: You are using an unsupported Java runtime. Please use Oracle(R) Java(TM) Runtime Environment 7.
2014-07-09 23:24:41.457+0000 INFO  [org.neo4j]: --- INITIALIZED diagnostics START ---
2014-07-09 23:24:41.458+0000 INFO  [org.neo4j]: Neo4j Kernel properties:
    neostore.propertystore.db.mapped_memory=147M
    neostore.nodestore.db.mapped_memory=40M
    neostore.relationshipstore.db.mapped_memory=179M
    neostore.propertystore.db.strings.mapped_memory=124M
    store_dir=target/neo4j-aterrizar-db
    neostore.propertystore.db.arrays.mapped_memory=141M
    ephemeral=false
2014-07-09 23:24:41.463+0000 INFO  [org.neo4j]: Diagnostics providers:
    org.neo4j.kernel.configuration.Config
    org.neo4j.kernel.info.DiagnosticsManager
    SYSTEM_MEMORY
    JAVA_MEMORY
    OPERATING_SYSTEM
    JAVA_VIRTUAL_MACHINE
    CLASSPATH
    LIBRARY_PATH
    SYSTEM_PROPERTIES
    LINUX_SCHEDULERS
    NETWORK
2014-07-09 23:24:41.464+0000 INFO  [org.neo4j]: System memory information:
    Total Physical memory: 1,96 GB
    Free Physical memory: 147,74 MB
    Committed virtual memory: 1,68 GB
    Total swap space: 2,00 GB
    Free swap space: 2,00 GB
2014-07-09 23:24:41.469+0000 INFO  [org.neo4j]: JVM memory information:
    Free  memory: 23,71 MB
    Total memory: 30,00 MB
    Max   memory: 592,00 MB
    Garbage Collector: PS Scavenge: [PS Eden Space, PS Survivor Space]
    Garbage Collector: PS MarkSweep: [PS Eden Space, PS Survivor Space, PS Old Gen, PS Perm Gen]
    Memory Pool: Code Cache (Non-heap memory): committed=2,44 MB, used=450,31 kB, max=48,00 MB, threshold=0,00 B
    Memory Pool: PS Eden Space (Heap memory): committed=8,50 MB, used=4,55 MB, max=220,00 MB, threshold=?
    Memory Pool: PS Survivor Space (Heap memory): committed=1,00 MB, used=1001,43 kB, max=1,00 MB, threshold=?
    Memory Pool: PS Old Gen (Heap memory): committed=20,50 MB, used=779,53 kB, max=444,00 MB, threshold=0,00 B
    Memory Pool: PS Perm Gen (Non-heap memory): committed=21,00 MB, used=6,14 MB, max=166,00 MB, threshold=0,00 B
2014-07-09 23:24:41.475+0000 INFO  [org.neo4j]: Operating system information:
    Operating System: Linux; version: 3.8.0-35-generic; arch: amd64; cpus: 2
    Max number of file descriptors: 4096
    Number of open file descriptors: 40
    Process id: 9596@martin-System-Product-Name
    Byte order: LITTLE_ENDIAN
    Local timezone: America/Argentina/Buenos_Aires
2014-07-09 23:24:41.483+0000 INFO  [org.neo4j]: JVM information:
    VM Name: OpenJDK 64-Bit Server VM
    VM Vendor: Oracle Corporation
    VM Version: 24.45-b08
    JIT compiler: HotSpot 64-Bit Tiered Compilers
    VM Arguments: [-Dfile.encoding=UTF-8]
2014-07-09 23:24:41.484+0000 INFO  [org.neo4j]: Java classpath:
     [classpath + loader.0] file:/home/martin/.m2/repository/log4j/log4j/1.2.16/log4j-1.2.16.jar
     [classpath + loader.0] file:/home/martin/.m2/repository/antlr/antlr/2.7.6/antlr-2.7.6.jar
     [classpath + loader.0] file:/home/martin/.m2/repository/org/neo4j/neo4j-kernel/1.9.5/neo4j-kernel-1.9.5.jar
     [classpath + loader.0] file:/home/martin/.m2/repository/org/slf4j/slf4j-log4j12/1.6.2/slf4j-log4j12-1.6.2.jar
     [bootstrap] /usr/lib/jvm/java-7-openjdk-amd64/jre/lib/plugin.jar
     [classpath + loader.0] file:/home/martin/.m2/repository/org/neo4j/neo4j-jmx/1.9.5/neo4j-jmx-1.9.5.jar
     [bootstrap] /usr/lib/jvm/java-7-openjdk-amd64/jre/lib/jce.jar
     [classpath + loader.0] file:/home/martin/.m2/repository/com/googlecode/concurrentlinkedhashmap/concurrentlinkedhashmap-lru/1.3.1/concurrentlinkedhashmap-lru-1.3.1.jar
     [loader.1] file:/usr/lib/jvm/java-7-openjdk-amd64/jre/lib/ext/dnsns.jar
     [classpath + loader.0] file:/home/martin/.m2/repository/javax/transaction/jta/1.1/jta-1.1.jar
     [classpath + loader.0] file:/home/martin/.m2/repository/org/neo4j/neo4j/1.9.5/neo4j-1.9.5.jar
     [classpath + loader.0] file:/home/martin/.m2/repository/org/mockito/mockito-all/1.8.4/mockito-all-1.8.4.jar
     [bootstrap] /usr/lib/jvm/java-7-openjdk-amd64/jre/lib/charsets.jar
     [classpath + loader.0] file:/home/martin/.m2/repository/mysql/mysql-connector-java/5.1.21/mysql-connector-java-5.1.21.jar
     [classpath + loader.0] file:/home/martin/.m2/repository/org/apache/geronimo/specs/geronimo-jta_1.1_spec/1.1.1/geronimo-jta_1.1_spec-1.1.1.jar
     [classpath + loader.0] file:/home/martin/.m2/repository/cglib/cglib/2.2.2/cglib-2.2.2.jar
     [bootstrap] /usr/lib/jvm/java-7-openjdk-amd64/jre/lib/jsse.jar
     [classpath + loader.0] file:/home/martin/.m2/repository/javassist/javassist/3.12.1.GA/javassist-3.12.1.GA.jar
     [classpath + loader.0] file:/home/martin/.m2/repository/org/hibernate/javax/persistence/hibernate-jpa-2.0-api/1.0.1.Final/hibernate-jpa-2.0-api-1.0.1.Final.jar
     [bootstrap] /usr/lib/jvm/java-7-openjdk-amd64/jre/lib/sunrsasign.jar
     [classpath + loader.0] file:/home/martin/.m2/repository/commons-collections/commons-collections/3.1/commons-collections-3.1.jar
     [bootstrap] /usr/lib/jvm/java-7-openjdk-amd64/jre/lib/rhino.jar
     [classpath + loader.0] file:/home/martin/.m2/repository/org/hibernate/hibernate-core/3.6.7.Final/hibernate-core-3.6.7.Final.jar
     [loader.1] file:/usr/lib/jvm/java-7-openjdk-amd64/jre/lib/ext/zipfs.jar
     [loader.1] file:/usr/lib/x86_64-linux-gnu/jni/libatk-wrapper.so.0.0.18
     [classpath + loader.0] file:/home/martin/.m2/repository/dom4j/dom4j/1.6.1/dom4j-1.6.1.jar
     [loader.1] file:/usr/lib/jvm/java-7-openjdk-amd64/jre/lib/ext/sunpkcs11.jar
     [classpath + loader.0] file:/home/martin/.m2/repository/org/slf4j/slf4j-api/1.6.1/slf4j-api-1.6.1.jar
     [classpath + loader.0] file:/home/martin/.m2/repository/org/neo4j/neo4j-cypher/1.9.5/neo4j-cypher-1.9.5.jar
     [classpath + loader.0] file:/home/martin/.m2/repository/junit/junit/4.8.1/junit-4.8.1.jar
     [loader.1] file:/usr/lib/jvm/java-7-openjdk-amd64/jre/lib/ext/java-atk-wrapper.jar
     [classpath + loader.0] file:/home/martin/.m2/repository/org/neo4j/neo4j-graph-matching/1.9.5/neo4j-graph-matching-1.9.5.jar
     [classpath + loader.0] file:/home/martin/.m2/repository/org/apache/lucene/lucene-core/3.6.2/lucene-core-3.6.2.jar
     [bootstrap] /usr/lib/jvm/java-7-openjdk-amd64/jre/lib/netx.jar
     [bootstrap] /usr/lib/jvm/java-7-openjdk-amd64/jre/classes
     [classpath + loader.0] file:/home/martin/.m2/repository/org/neo4j/neo4j-graph-algo/1.9.5/neo4j-graph-algo-1.9.5.jar
     [bootstrap] /usr/lib/jvm/java-7-openjdk-amd64/jre/lib/jfr.jar
     [classpath + loader.0] file:/home/martin/.m2/repository/org/neo4j/neo4j-udc/1.9.5/neo4j-udc-1.9.5.jar
     [classpath + loader.0] file:/home/martin/.m2/repository/asm/asm/3.3.1/asm-3.3.1.jar
     [bootstrap] /usr/lib/jvm/java-7-openjdk-amd64/jre/lib/rt.jar
     [bootstrap] /usr/lib/jvm/java-7-openjdk-amd64/jre/lib/resources.jar
     [classpath + loader.0] file:/home/martin/.m2/repository/org/hibernate/hibernate-commons-annotations/3.2.0.Final/hibernate-commons-annotations-3.2.0.Final.jar
     [classpath + loader.0] file:/home/martin/TPI/Persistencia/workspace/EPers/target/classes/
     [classpath + loader.0] file:/home/martin/.m2/repository/org/scala-lang/scala-library/2.10.0/scala-library-2.10.0.jar
     [classpath + loader.0] file:/home/martin/.m2/repository/org/neo4j/neo4j-lucene-index/1.9.5/neo4j-lucene-index-1.9.5.jar
     [loader.1] file:/usr/lib/jvm/java-7-openjdk-amd64/jre/lib/ext/pulse-java.jar
     [loader.1] file:/usr/lib/jvm/java-7-openjdk-amd64/jre/lib/ext/sunjce_provider.jar
     [loader.1] file:/usr/lib/jvm/java-7-openjdk-amd64/jre/lib/ext/localedata.jar
2014-07-09 23:24:41.489+0000 INFO  [org.neo4j]: Library path:
    /usr/java/packages/lib/amd64
    /usr/lib/x86_64-linux-gnu/jni
    /lib/x86_64-linux-gnu
    /usr/lib/x86_64-linux-gnu
    /usr/lib/jni
    /lib
    /usr/lib
2014-07-09 23:24:41.489+0000 INFO  [org.neo4j]: System.properties:
    sun.boot.library.path = /usr/lib/jvm/java-7-openjdk-amd64/jre/lib/amd64
    path.separator = :
    file.encoding.pkg = sun.io
    user.country = ES
    sun.java.launcher = SUN_STANDARD
    sun.os.patch.level = unknown
    user.dir = /home/martin/TPI/Persistencia/workspace/EPers
    sun.jnu.encoding = UTF-8
    sun.management.compiler = HotSpot 64-Bit Tiered Compilers
    user.home = /home/martin
    user.timezone = America/Argentina/Buenos_Aires
    file.encoding = UTF-8
    user.name = martin
    sun.java.command = tp5.ServicioAmigos
    sun.arch.data.model = 64
    user.language = es
    awt.toolkit = sun.awt.X11.XToolkit
    file.separator = /
    sun.io.unicode.encoding = UnicodeLittle
    sun.cpu.endian = little
    sun.desktop = gnome
    sun.cpu.isalist = 
2014-07-09 23:24:41.490+0000 INFO  [org.neo4j]: Linux scheduler information:
    noop [deadline] cfq 
    noop [deadline] cfq 
    none
    none
    none
    none
    none
    none
    none
    none
    none
    none
    none
    none
    none
    none
    none
    none
    none
    none
    none
    none
    none
    none
    none
    none
2014-07-09 23:24:41.495+0000 INFO  [org.neo4j]: Network information:
    Interface wlan0:
        address: fe80:0:0:0:218:e7ff:fe7b:c03a%3
        address: 192.168.0.104
    Interface lo:
        address: 0:0:0:0:0:0:0:1%1
        address: 127.0.0.1
2014-07-09 23:24:41.497+0000 INFO  [org.neo4j]: --- INITIALIZED diagnostics END ---
2014-07-09 23:24:41.644+0000 INFO  [org.neo4j]: Creating new db @ target/neo4j-aterrizar-db/neostore
2014-07-09 23:24:41.809+0000 INFO  [org.neo4j]: [target/neo4j-aterrizar-db/neostore.nodestore.db] brickCount=0 brickSize=419427b mappedMem=41943040b (storeSize=0b)
2014-07-09 23:24:41.842+0000 INFO  [org.neo4j]: target/neo4j-aterrizar-db/neostore.nodestore.db hit=1 miss=0 switches=0 ooe=0
2014-07-09 23:24:42.412+0000 INFO  [org.neo4j]: [target/neo4j-aterrizar-db/neostore.relationshiptypestore.db.names] brickCount=0 brickSize=0b mappedMem=0b (storeSize=38b)
2014-07-09 23:24:42.417+0000 INFO  [org.neo4j]: [target/neo4j-aterrizar-db/neostore.relationshiptypestore.db] brickCount=0 brickSize=0b mappedMem=0b (storeSize=0b)
2014-07-09 23:24:42.441+0000 INFO  [org.neo4j]: target/neo4j-aterrizar-db/neostore.relationshiptypestore.db.names hit=0 miss=0 switches=0 ooe=0
2014-07-09 23:24:42.492+0000 INFO  [org.neo4j]: target/neo4j-aterrizar-db/neostore.relationshiptypestore.db hit=0 miss=0 switches=0 ooe=0
2014-07-09 23:24:42.543+0000 INFO  [org.neo4j]: [target/neo4j-aterrizar-db/neostore.relationshiptypestore.db.names] brickCount=0 brickSize=0b mappedMem=0b (storeSize=38b)
2014-07-09 23:24:42.545+0000 INFO  [org.neo4j]: [target/neo4j-aterrizar-db/neostore.relationshiptypestore.db] brickCount=0 brickSize=0b mappedMem=0b (storeSize=0b)
2014-07-09 23:24:42.546+0000 INFO  [org.neo4j]: [target/neo4j-aterrizar-db/neostore.propertystore.db.strings] brickCount=0 brickSize=129920b mappedMem=130023424b (storeSize=128b)
2014-07-09 23:24:42.547+0000 INFO  [org.neo4j]: [target/neo4j-aterrizar-db/neostore.propertystore.db.index.keys] brickCount=0 brickSize=0b mappedMem=0b (storeSize=38b)
2014-07-09 23:24:42.548+0000 INFO  [org.neo4j]: [target/neo4j-aterrizar-db/neostore.propertystore.db.index] brickCount=0 brickSize=0b mappedMem=0b (storeSize=0b)
2014-07-09 23:24:42.549+0000 INFO  [org.neo4j]: [target/neo4j-aterrizar-db/neostore.propertystore.db.arrays] brickCount=0 brickSize=147840b mappedMem=147849216b (storeSize=128b)
2014-07-09 23:24:42.551+0000 INFO  [org.neo4j]: [target/neo4j-aterrizar-db/neostore.propertystore.db] brickCount=0 brickSize=1541395b mappedMem=154140672b (storeSize=0b)
2014-07-09 23:24:42.553+0000 INFO  [org.neo4j]: [target/neo4j-aterrizar-db/neostore.relationshipstore.db] brickCount=0 brickSize=1876941b mappedMem=187695104b (storeSize=0b)
2014-07-09 23:24:42.553+0000 INFO  [org.neo4j]: [target/neo4j-aterrizar-db/neostore.nodestore.db] brickCount=0 brickSize=41940b mappedMem=41943040b (storeSize=9b)
2014-07-09 23:24:42.554+0000 INFO  [org.neo4j]: [target/neo4j-aterrizar-db/neostore] brickCount=0 brickSize=0b mappedMem=0b (storeSize=0b)
2014-07-09 23:24:42.593+0000 INFO  [org.neo4j]: target/neo4j-aterrizar-db/neostore.relationshiptypestore.db.names hit=0 miss=0 switches=0 ooe=0
2014-07-09 23:24:42.643+0000 INFO  [org.neo4j]: target/neo4j-aterrizar-db/neostore.relationshiptypestore.db hit=0 miss=0 switches=0 ooe=0
2014-07-09 23:24:42.696+0000 INFO  [org.neo4j]: target/neo4j-aterrizar-db/neostore.propertystore.db.strings hit=0 miss=0 switches=0 ooe=0
2014-07-09 23:24:42.762+0000 INFO  [org.neo4j]: target/neo4j-aterrizar-db/neostore.propertystore.db.index.keys hit=0 miss=0 switches=0 ooe=0
2014-07-09 23:24:42.811+0000 INFO  [org.neo4j]: target/neo4j-aterrizar-db/neostore.propertystore.db.index hit=0 miss=0 switches=0 ooe=0
2014-07-09 23:24:42.871+0000 INFO  [org.neo4j]: target/neo4j-aterrizar-db/neostore.propertystore.db.arrays hit=0 miss=0 switches=0 ooe=0
2014-07-09 23:24:42.920+0000 INFO  [org.neo4j]: target/neo4j-aterrizar-db/neostore.propertystore.db hit=0 miss=0 switches=0 ooe=0
2014-07-09 23:24:42.962+0000 INFO  [org.neo4j]: target/neo4j-aterrizar-db/neostore.relationshipstore.db hit=0 miss=0 switches=0 ooe=0
2014-07-09 23:24:43.011+0000 INFO  [org.neo4j]: target/neo4j-aterrizar-db/neostore.nodestore.db hit=0 miss=0 switches=0 ooe=0
2014-07-09 23:24:43.079+0000 INFO  [org.neo4j]: target/neo4j-aterrizar-db/neostore hit=0 miss=8 switches=0 ooe=0
2014-07-09 23:24:43.128+0000 INFO  [org.neo4j]: [target/neo4j-aterrizar-db/neostore.relationshiptypestore.db.names] brickCount=0 brickSize=0b mappedMem=0b (storeSize=38b)
2014-07-09 23:24:43.130+0000 INFO  [org.neo4j]: [target/neo4j-aterrizar-db/neostore.relationshiptypestore.db] brickCount=0 brickSize=0b mappedMem=0b (storeSize=0b)
2014-07-09 23:24:43.131+0000 INFO  [org.neo4j]: [target/neo4j-aterrizar-db/neostore.propertystore.db.strings] brickCount=0 brickSize=129920b mappedMem=130023424b (storeSize=128b)
2014-07-09 23:24:43.133+0000 INFO  [org.neo4j]: [target/neo4j-aterrizar-db/neostore.propertystore.db.index.keys] brickCount=0 brickSize=0b mappedMem=0b (storeSize=38b)
2014-07-09 23:24:43.134+0000 INFO  [org.neo4j]: [target/neo4j-aterrizar-db/neostore.propertystore.db.index] brickCount=0 brickSize=0b mappedMem=0b (storeSize=0b)
2014-07-09 23:24:43.135+0000 INFO  [org.neo4j]: [target/neo4j-aterrizar-db/neostore.propertystore.db.arrays] brickCount=0 brickSize=147840b mappedMem=147849216b (storeSize=128b)
2014-07-09 23:24:43.135+0000 INFO  [org.neo4j]: [target/neo4j-aterrizar-db/neostore.propertystore.db] brickCount=0 brickSize=1541395b mappedMem=154140672b (storeSize=0b)
2014-07-09 23:24:43.135+0000 INFO  [org.neo4j]: [target/neo4j-aterrizar-db/neostore.relationshipstore.db] brickCount=0 brickSize=1876941b mappedMem=187695104b (storeSize=0b)
2014-07-09 23:24:43.136+0000 INFO  [org.neo4j]: [target/neo4j-aterrizar-db/neostore.nodestore.db] brickCount=0 brickSize=41940b mappedMem=41943040b (storeSize=9b)
2014-07-09 23:24:43.136+0000 INFO  [org.neo4j]: [target/neo4j-aterrizar-db/neostore] brickCount=0 brickSize=0b mappedMem=0b (storeSize=54b)
2014-07-09 23:24:43.150+0000 INFO  [org.neo4j]: Opened logical log [target/neo4j-aterrizar-db/nioneo_logical.log.1] version=0, lastTxId=1 (clean)
2014-07-09 23:24:43.175+0000 INFO  [org.neo4j]: TM new log: tm_tx_log.1
2014-07-09 23:24:43.234+0000 INFO  [org.neo4j]: Opened logical log [target/neo4j-aterrizar-db/index/lucene.log.1] version=0, lastTxId=1 (clean)
2014-07-09 23:24:43.263+0000 INFO  [org.neo4j]: --- STARTED diagnostics for KernelDiagnostics:Versions START ---
2014-07-09 23:24:43.264+0000 INFO  [org.neo4j]: Graph Database: org.neo4j.kernel.EmbeddedGraphDatabase StoreId[time:1404948281644, id:-6423517230516116372, store version: 13561656364791302]
2014-07-09 23:24:43.264+0000 INFO  [org.neo4j]: Kernel version: Neo4j - Graph Database Kernel 1.9.5
2014-07-09 23:24:43.265+0000 INFO  [org.neo4j]: Neo4j component versions:
2014-07-09 23:24:43.267+0000 INFO  [org.neo4j]:   Neo4j - Graph Database Kernel 1.9.5
2014-07-09 23:24:43.267+0000 INFO  [org.neo4j]: --- STARTED diagnostics for KernelDiagnostics:Versions END ---
2014-07-09 23:24:43.270+0000 INFO  [org.neo4j]: --- STARTED diagnostics for NEO_STORE_VERSIONS START ---
2014-07-09 23:24:43.270+0000 INFO  [org.neo4j]: Store versions:
    Store versions:
      NeoStore v0.A.0
      NodeStore v0.A.0
      RelationshipStore v0.A.0
      RelationshipTypeStore v0.A.0
      PropertyStore v0.A.0
      PropertyIndexStore v0.A.0
      StringPropertyStore v0.A.0
      ArrayPropertyStore v0.A.0
2014-07-09 23:24:43.271+0000 INFO  [org.neo4j]: --- STARTED diagnostics for NEO_STORE_VERSIONS END ---
2014-07-09 23:24:43.271+0000 INFO  [org.neo4j]: --- STARTED diagnostics for NEO_STORE_ID_USAGE START ---
2014-07-09 23:24:43.271+0000 INFO  [org.neo4j]: Id usage:
    Id usage:
      NodeStore: used=1 high=0
      RelationshipStore: used=0 high=-1
      RelationshipTypeStore: used=0 high=-1
      PropertyStore: used=0 high=-1
      PropertyIndexStore: used=0 high=-1
      StringPropertyStore: used=1 high=0
      ArrayPropertyStore: used=1 high=0
2014-07-09 23:24:43.272+0000 INFO  [org.neo4j]: --- STARTED diagnostics for NEO_STORE_ID_USAGE END ---
2014-07-09 23:24:43.272+0000 INFO  [org.neo4j]: --- STARTED diagnostics for PERSISTENCE_WINDOW_POOL_STATS START ---
2014-07-09 23:24:43.272+0000 INFO  [org.neo4j]: --- STARTED diagnostics for PERSISTENCE_WINDOW_POOL_STATS END ---
2014-07-09 23:24:43.273+0000 INFO  [org.neo4j]: --- STARTED diagnostics for KernelDiagnostics:StoreFiles START ---
2014-07-09 23:24:43.273+0000 INFO  [org.neo4j]: Disk space on partition (Total / Free / Free %): 96380784640 / 67517140992 / 70
Storage files: (filename : modification date - size)
      neostore.propertystore.db.strings: 2014-07-09T20:24:43-0300 - 128,00 B
      neostore.id: 2014-07-09T20:24:43-0300 - 9,00 B
      tm_tx_log.1: 2014-07-09T20:24:43-0300 - 0,00 B
      neostore.propertystore.db.arrays: 2014-07-09T20:24:43-0300 - 128,00 B
      neostore.propertystore.db.index.keys: 2014-07-09T20:24:43-0300 - 38,00 B
      messages.log: 2014-07-09T20:24:43-0300 - 16,60 kB
      neostore.propertystore.db.id: 2014-07-09T20:24:43-0300 - 9,00 B
      neostore.relationshiptypestore.db: 2014-07-09T20:24:43-0300 - 0,00 B
      neostore.relationshipstore.db: 2014-07-09T20:24:43-0300 - 0,00 B
      neostore.propertystore.db.strings.id: 2014-07-09T20:24:43-0300 - 9,00 B
      neostore.nodestore.db.id: 2014-07-09T20:24:43-0300 - 9,00 B
      neostore.propertystore.db.index: 2014-07-09T20:24:43-0300 - 0,00 B
      neostore.relationshiptypestore.db.names.id: 2014-07-09T20:24:43-0300 - 9,00 B
      neostore.propertystore.db.arrays.id: 2014-07-09T20:24:43-0300 - 9,00 B
      neostore.propertystore.db: 2014-07-09T20:24:43-0300 - 0,00 B
      active_tx_log: 2014-07-09T20:24:43-0300 - 11,00 B
      nioneo_logical.log.active: 2014-07-09T20:24:43-0300 - 4,00 B
      neostore.nodestore.db: 2014-07-09T20:24:43-0300 - 9,00 B
      neostore: 2014-07-09T20:24:43-0300 - 54,00 B
      neostore.propertystore.db.index.keys.id: 2014-07-09T20:24:43-0300 - 9,00 B
      neostore.relationshiptypestore.db.id: 2014-07-09T20:24:43-0300 - 9,00 B
      neostore.relationshipstore.db.id: 2014-07-09T20:24:43-0300 - 9,00 B
      index:
        lucene-store.db: 2014-07-09T20:24:43-0300 - 40,00 B
        lucene.log.active: 2014-07-09T20:24:43-0300 - 4,00 B
        lucene.log.1: 2014-07-09T20:24:43-0300 - 16,00 B
      - Total: 2014-07-09T20:24:43-0300 - 60,00 B
      lock: 2014-07-09T20:24:43-0300 - 0,00 B
      neostore.relationshiptypestore.db.names: 2014-07-09T20:24:43-0300 - 38,00 B
      neostore.propertystore.db.index.id: 2014-07-09T20:24:43-0300 - 9,00 B
      nioneo_logical.log.1: 2014-07-09T20:24:43-0300 - 16,00 B
      store_lock: 2014-07-09T20:24:41-0300 - 0,00 B
2014-07-09 23:24:43.287+0000 INFO  [org.neo4j]: --- STARTED diagnostics for KernelDiagnostics:StoreFiles END ---
2014-07-09 23:24:43.291+0000 INFO  [org.neo4j]: Database is now ready
2014-07-09 23:24:43.294+0000 INFO  [org.neo4j]: GC Monitor started. 
2014-07-09 23:24:44.745+0000 INFO  [org.neo4j]: Shutdown started
2014-07-09 23:24:44.746+0000 INFO  [org.neo4j]: Database is no longer ready
2014-07-09 23:25:04.746+0000 INFO  [org.neo4j]: GC Monitor stopped. 
2014-07-09 23:25:04.747+0000 INFO  [org.neo4j]: Close invoked with 1 running transaction(s). 
2014-07-09 23:25:04.784+0000 INFO  [org.neo4j]: Dirty log: target/neo4j-aterrizar-db/index/lucene.log.1 now closed. Recovery will be started automatically next time it is opened.
2014-07-09 23:25:04.877+0000 INFO  [org.neo4j]: TM shutting down
2014-07-09 23:25:04.877+0000 INFO  [org.neo4j]: Close invoked with 1 running transaction(s). 
2014-07-09 23:25:04.902+0000 INFO  [org.neo4j]: Dirty log: target/neo4j-aterrizar-db/nioneo_logical.log.1 now closed. Recovery will be started automatically next time it is opened.
2014-07-09 23:25:04.986+0000 INFO  [org.neo4j]: target/neo4j-aterrizar-db/neostore.relationshiptypestore.db.names hit=0 miss=1 switches=0 ooe=0
2014-07-09 23:25:05.028+0000 INFO  [org.neo4j]: target/neo4j-aterrizar-db/neostore.relationshiptypestore.db hit=0 miss=1 switches=0 ooe=0
2014-07-09 23:25:05.070+0000 INFO  [org.neo4j]: target/neo4j-aterrizar-db/neostore.propertystore.db.strings hit=0 miss=0 switches=0 ooe=0
2014-07-09 23:25:05.112+0000 INFO  [org.neo4j]: target/neo4j-aterrizar-db/neostore.propertystore.db.index.keys hit=0 miss=0 switches=0 ooe=0
2014-07-09 23:25:05.153+0000 INFO  [org.neo4j]: target/neo4j-aterrizar-db/neostore.propertystore.db.index hit=0 miss=0 switches=0 ooe=0
2014-07-09 23:25:05.195+0000 INFO  [org.neo4j]: target/neo4j-aterrizar-db/neostore.propertystore.db.arrays hit=0 miss=0 switches=0 ooe=0
2014-07-09 23:25:05.237+0000 INFO  [org.neo4j]: target/neo4j-aterrizar-db/neostore.propertystore.db hit=0 miss=0 switches=0 ooe=0
2014-07-09 23:25:05.279+0000 INFO  [org.neo4j]: target/neo4j-aterrizar-db/neostore.relationshipstore.db hit=0 miss=0 switches=0 ooe=0
2014-07-09 23:25:05.321+0000 INFO  [org.neo4j]: target/neo4j-aterrizar-db/neostore.nodestore.db hit=0 miss=0 switches=0 ooe=0
2014-07-09 23:25:05.363+0000 INFO  [org.neo4j]: target/neo4j-aterrizar-db/neostore hit=0 miss=15 switches=0 ooe=0
2014-07-09 23:25:05.405+0000 INFO  [org.neo4j]: NeoStore closed
2014-07-09 23:25:05.405+0000 INFO  [org.neo4j]: --- STOPPING diagnostics START ---
2014-07-09 23:25:05.406+0000 INFO  [org.neo4j]: --- STOPPING diagnostics END ---
